<?xml version="1.0" encoding="UTF-8"?>
<!-- Generated by org.testng.reporters.JUnitReportReporter -->
<testsuite hostname="SM-LTP-401" failures="0" tests="1" name="Testscenerio.Hometest" time="8.528" errors="0" timestamp="2022-10-27T15:39:45 IST" skipped="0">
  <testcase classname="Testscenerio.Hometest" name="Hometest1" time="8.528"/>
  <system-out/>
</testsuite> <!-- Testscenerio.Hometest -->
